<?xml version="1.0" encoding="UTF-8"?>
<testsuite name="com.marcos.vertex.vertex_starter_study.TestMainVerticle" tests="1" skipped="0" failures="0" errors="0" timestamp="2022-02-18T19:41:54" hostname="marcos-Latitude-3420" time="0.208">
  <properties/>
  <testcase name="verticle_deployed(Vertx, VertxTestContext)" classname="com.marcos.vertex.vertex_starter_study.TestMainVerticle" time="0.208"/>
  <system-out><![CDATA[HTTP server started on port 8888
]]></system-out>
  <system-err><![CDATA[]]></system-err>
</testsuite>
